<?xml version="1.0" encoding="UTF-8"?>
<testsuite xmlns:xsi="http://www.w3.org/2001/XMLSchema-instance" xsi:noNamespaceSchemaLocation="https://maven.apache.org/surefire/maven-surefire-plugin/xsd/surefire-test-report.xsd" name="peaksoft.UserServiceTest" time="1.452" tests="6" errors="0" skipped="0" failures="0">
  <properties>
[...]
</properties>
  <testcase name="saveUser" classname="peaksoft.UserServiceTest" time="0.524"/>
  <testcase name="removeUserById" classname="peaksoft.UserServiceTest" time="0.308"/>
  <testcase name="getAllUsers" classname="peaksoft.UserServiceTest" time="0.163"/>
  <testcase name="dropUsersTable" classname="peaksoft.UserServiceTest" time="0.092"/>
  <testcase name="createUsersTable" classname="peaksoft.UserServiceTest" time="0.095"/>
  <testcase name="cleanUsersTable" classname="peaksoft.UserServiceTest" time="0.22"/>
</testsuite>